d:\c++project\nlauncher\nlauncher\x64\debug\main.obj
d:\c++project\nlauncher\nlauncher\x64\debug\md5.obj
d:\c++project\nlauncher\nlauncher\x64\debug\login.obj
d:\c++project\nlauncher\nlauncher\x64\debug\maingui.obj
d:\c++project\nlauncher\nlauncher\x64\debug\moc_maingui.obj
d:\c++project\nlauncher\nlauncher\x64\debug\moc_login.obj
d:\c++project\nlauncher\nlauncher\x64\debug\utils.obj
d:\c++project\nlauncher\nlauncher\x64\debug\vc143.pdb
d:\c++project\nlauncher\nlauncher\x64\debug\downloader.obj
d:\c++project\nlauncher\nlauncher\x64\debug\moc_downloader.obj
d:\c++project\nlauncher\nlauncher\x64\debug\moc_downloaderclass.obj
d:\c++project\nlauncher\x64\debug\nlauncher.exe
d:\c++project\nlauncher\x64\debug\nlauncher.ilk
d:\c++project\nlauncher\x64\debug\nlauncher.pdb
d:\c++project\nlauncher\nlauncher\x64\debug\moc\moc_maingui.cpp
d:\c++project\nlauncher\nlauncher\x64\debug\uic\ui_nlauncher.h
d:\c++project\nlauncher\nlauncher\x64\debug\rcc\qrc_nlauncher.cpp
d:\c++project\nlauncher\nlauncher\x64\debug\moc\moc_nlauncher.cpp
d:\c++project\nlauncher\nlauncher\x64\debug\moc\moc_login.cpp
d:\c++project\nlauncher\nlauncher\x64\debug\moc\moc_downloader.cpp
d:\c++project\nlauncher\nlauncher\x64\debug\moc\moc_downloaderclass.cpp
d:\c++project\nlauncher\nlauncher\x64\debug\nlauncher.tlog\cl.command.1.tlog
d:\c++project\nlauncher\nlauncher\x64\debug\nlauncher.tlog\cl.items.tlog
d:\c++project\nlauncher\nlauncher\x64\debug\nlauncher.tlog\cl.read.1.tlog
d:\c++project\nlauncher\nlauncher\x64\debug\nlauncher.tlog\cl.write.1.tlog
d:\c++project\nlauncher\nlauncher\x64\debug\nlauncher.tlog\link-cvtres.read.1.tlog
d:\c++project\nlauncher\nlauncher\x64\debug\nlauncher.tlog\link-cvtres.write.1.tlog
d:\c++project\nlauncher\nlauncher\x64\debug\nlauncher.tlog\link-rc.read.1.tlog
d:\c++project\nlauncher\nlauncher\x64\debug\nlauncher.tlog\link-rc.write.1.tlog
d:\c++project\nlauncher\nlauncher\x64\debug\nlauncher.tlog\link.17436-cvtres.read.1.tlog
d:\c++project\nlauncher\nlauncher\x64\debug\nlauncher.tlog\link.17436-cvtres.write.1.tlog
d:\c++project\nlauncher\nlauncher\x64\debug\nlauncher.tlog\link.17436-rc.read.1.tlog
d:\c++project\nlauncher\nlauncher\x64\debug\nlauncher.tlog\link.17436-rc.write.1.tlog
d:\c++project\nlauncher\nlauncher\x64\debug\nlauncher.tlog\link.17436.read.1.tlog
d:\c++project\nlauncher\nlauncher\x64\debug\nlauncher.tlog\link.17436.read.2.tlog
d:\c++project\nlauncher\nlauncher\x64\debug\nlauncher.tlog\link.17436.write.1.tlog
d:\c++project\nlauncher\nlauncher\x64\debug\nlauncher.tlog\link.command.1.tlog
d:\c++project\nlauncher\nlauncher\x64\debug\nlauncher.tlog\link.read.1.tlog
d:\c++project\nlauncher\nlauncher\x64\debug\nlauncher.tlog\link.read.2.tlog
d:\c++project\nlauncher\nlauncher\x64\debug\nlauncher.tlog\link.write.1.tlog
d:\c++project\nlauncher\nlauncher\x64\debug\nlauncher.tlog\moc.read.1u.tlog
d:\c++project\nlauncher\nlauncher\x64\debug\nlauncher.tlog\moc.write.1u.tlog
d:\c++project\nlauncher\nlauncher\x64\debug\nlauncher.tlog\nlauncher.write.1u.tlog
